dr_sounds/app/build/intermediates/manifest_merge_blame_file/debug/manifest-merger-blame-debug-report.txt
1<?xml version="1.0" encoding="utf-8"?>
2<manifest xmlns:android="http://schemas.android.com/apk/res/android"
3    package="com.example.dr_sounds"
4    android:versionCode="1"
5    android:versionName="1.0" >
6
7    <uses-sdk
8        android:minSdkVersion="23"
8-->src\main\AndroidManifest.xml
9        android:targetSdkVersion="29" />
9-->src\main\AndroidManifest.xml
10
11    <uses-permission android:name="android.permission.RECORD_AUDIO" />
11-->src\main\AndroidManifest.xml:5:5-71
11-->src\main\AndroidManifest.xml:5:22-68
12
13    <application
13-->src\main\AndroidManifest.xml:7:5-58:19
14        android:allowBackup="true"
14-->src\main\AndroidManifest.xml:8:9-35
15        android:appComponentFactory="androidx.core.app.CoreComponentFactory"
15-->[androidx.core:core:1.1.0] AndroidManifest.xml:24:18-86
16        android:debuggable="true"
17        android:icon="@mipmap/ic_launcher"
17-->src\main\AndroidManifest.xml:9:9-43
18        android:label="@string/app_name"
18-->src\main\AndroidManifest.xml:10:9-41
19        android:roundIcon="@mipmap/ic_launcher_round"
19-->src\main\AndroidManifest.xml:11:9-54
20        android:supportsRtl="true"
20-->src\main\AndroidManifest.xml:12:9-35
21        android:theme="@style/AppTheme" >
21-->src\main\AndroidManifest.xml:13:9-40
22        <activity android:name="com.example.dr_sounds.ChooseUser" >
22-->src\main\AndroidManifest.xml:14:9-20:20
22-->src\main\AndroidManifest.xml:14:19-45
23            <intent-filter>
23-->src\main\AndroidManifest.xml:15:13-19:29
24                <action android:name="android.intent.action.MAIN" />
24-->src\main\AndroidManifest.xml:16:17-69
24-->src\main\AndroidManifest.xml:16:25-66
25
26                <category android:name="android.intent.category.LAUNCHER" />
26-->src\main\AndroidManifest.xml:18:17-77
26-->src\main\AndroidManifest.xml:18:27-74
27            </intent-filter>
28        </activity>
29        <activity
29-->src\main\AndroidManifest.xml:21:9-24:20
30            android:name="com.example.dr_sounds.DoctorInitLogin"
30-->src\main\AndroidManifest.xml:22:13-44
31            android:label="Doctor_Screen" >
31-->src\main\AndroidManifest.xml:23:13-42
32        </activity>
33        <activity
33-->src\main\AndroidManifest.xml:25:9-28:20
34            android:name="com.example.dr_sounds.Registration"
34-->src\main\AndroidManifest.xml:26:13-41
35            android:label="Registration Screen" >
35-->src\main\AndroidManifest.xml:27:13-48
36        </activity>
37        <activity
37-->src\main\AndroidManifest.xml:29:9-32:20
38            android:name="com.example.dr_sounds.UserSelection"
38-->src\main\AndroidManifest.xml:30:13-42
39            android:label="User selection Screen" >
39-->src\main\AndroidManifest.xml:31:13-50
40        </activity>
41        <activity
41-->src\main\AndroidManifest.xml:33:9-36:20
42            android:name="com.example.dr_sounds.doctorpage"
42-->src\main\AndroidManifest.xml:34:13-39
43            android:label="Doctor dashboard" >
43-->src\main\AndroidManifest.xml:35:13-45
44        </activity>
45        <activity
45-->src\main\AndroidManifest.xml:37:9-39:20
46            android:name="com.example.dr_sounds.AddFamilyMem"
46-->src\main\AndroidManifest.xml:37:19-47
47            android:label="add family" >
47-->src\main\AndroidManifest.xml:38:13-39
48        </activity>
49        <activity
49-->src\main\AndroidManifest.xml:40:9-42:20
50            android:name="com.example.dr_sounds.AudioSearch"
50-->src\main\AndroidManifest.xml:40:19-46
51            android:label="audio page" >
51-->src\main\AndroidManifest.xml:41:13-39
52        </activity>
53        <activity
53-->src\main\AndroidManifest.xml:43:9-44:53
54            android:name="com.example.dr_sounds.Patient_login"
54-->src\main\AndroidManifest.xml:43:19-48
55            android:label="patient page" />
55-->src\main\AndroidManifest.xml:44:13-41
56        <activity
56-->src\main\AndroidManifest.xml:45:9-47:20
57            android:name="com.example.dr_sounds.prescription"
57-->src\main\AndroidManifest.xml:45:19-47
58            android:label="prescription page" >
58-->src\main\AndroidManifest.xml:46:13-46
59        </activity>
60        <activity
60-->src\main\AndroidManifest.xml:48:9-50:20
61            android:name="com.example.dr_sounds.EndScreen"
61-->src\main\AndroidManifest.xml:48:19-44
62            android:label="End Screen" >
62-->src\main\AndroidManifest.xml:49:13-39
63        </activity>
64        <activity
64-->src\main\AndroidManifest.xml:51:9-53:20
65            android:name="com.example.dr_sounds.PatientDashboard"
65-->src\main\AndroidManifest.xml:51:19-51
66            android:label="User DashBoard" >
66-->src\main\AndroidManifest.xml:52:13-43
67        </activity>
68        <activity
68-->src\main\AndroidManifest.xml:54:9-56:20
69            android:name="com.example.dr_sounds.AudioRecord"
69-->src\main\AndroidManifest.xml:54:19-46
70            android:label="Audio Recording" >
70-->src\main\AndroidManifest.xml:55:13-44
71        </activity>
72    </application>
73
74</manifest>